<?xml version="1.0" encoding="UTF-8"?>
<!-- Generated by org.testng.reporters.JUnitReportReporter -->
<testsuite hostname="LIN-JKJW7G3" failures="0" tests="1" name="test.DummyAPITesting" time="2.854" errors="0" timestamp="2024-08-20T21:11:45 IST" skipped="0">
  <testcase classname="test.DummyAPITesting" name="verifyGetEmployee" time="2.854"/>
  <system-out/>
</testsuite> <!-- test.DummyAPITesting -->
