<?xml version="1.0" encoding="UTF-8"?>
<!-- Generated by org.testng.reporters.JUnitReportReporter -->
<testsuite hostname="LIN-JKJW7G3" failures="0" tests="2" name="api.test.UserTests" time="4.617" errors="0" timestamp="2024-08-30T10:56:11 IST" skipped="0">
  <testcase classname="api.test.UserTests" name="testPostUser" time="3.271"/>
  <system-out/>
  <testcase classname="api.test.UserTests" name="testUpdateUser" time="1.346"/>
  <system-out/>
</testsuite> <!-- api.test.UserTests -->
