<?xml version="1.0" encoding="UTF-8"?>
<!-- Generated by org.testng.reporters.JUnitReportReporter -->
<testsuite hostname="LIN-JKJW7G3" failures="0" tests="2" name="api.test.UserTests" time="2.745" errors="0" timestamp="2024-08-30T01:33:00 IST" skipped="0">
  <testcase classname="api.test.UserTests" name="testPostUser" time="1.402"/>
  <testcase classname="api.test.UserTests" name="testUpdateUser" time="1.343"/>
</testsuite> <!-- api.test.UserTests -->
